2024-12-23T11:12:27.122Z  [32minfo[39m: log ma'lumotlar
2024-12-23T11:12:27.124Z  [31merror[39m:  error log ma'lumotlar
2024-12-23T11:12:27.125Z  [33mwarn[39m: warn log ma'lumotlar
2024-12-23T11:12:27.125Z  [32minfo[39m: info log ma'lumotlar
2024-12-23T11:13:22.377Z  info: log ma'lumotlar
2024-12-23T11:13:22.379Z  error:  error log ma'lumotlar
2024-12-23T11:13:22.380Z  warn: warn log ma'lumotlar
2024-12-23T11:13:22.380Z  info: info log ma'lumotlar
2024-12-23T11:15:03.993Z  info: log ma'lumotlar
2024-12-23T11:15:03.995Z  error:  error log ma'lumotlar
2024-12-23T11:15:03.996Z  warn: warn log ma'lumotlar
2024-12-23T11:15:03.996Z  info: info log ma'lumotlar
2024-12-23T11:15:06.997Z  info: log ma'lumotlar
2024-12-23T11:15:06.999Z  error:  error log ma'lumotlar
2024-12-23T11:15:07.000Z  warn: warn log ma'lumotlar
2024-12-23T11:15:07.000Z  info: info log ma'lumotlar
2024-12-23T11:15:12.280Z  info: log ma'lumotlar
2024-12-23T11:15:12.281Z  error:  error log ma'lumotlar
2024-12-23T11:15:12.282Z  warn: warn log ma'lumotlar
2024-12-23T11:15:12.282Z  info: info log ma'lumotlar
2024-12-23T11:15:13.667Z  info: log ma'lumotlar
2024-12-23T11:15:13.669Z  error:  error log ma'lumotlar
2024-12-23T11:15:13.670Z  warn: warn log ma'lumotlar
2024-12-23T11:15:13.670Z  info: info log ma'lumotlar
2024-12-23T11:15:15.064Z  info: log ma'lumotlar
2024-12-23T11:15:15.066Z  error:  error log ma'lumotlar
2024-12-23T11:15:15.067Z  warn: warn log ma'lumotlar
2024-12-23T11:15:15.067Z  info: info log ma'lumotlar
2024-12-23T11:15:16.302Z  info: log ma'lumotlar
2024-12-23T11:15:16.304Z  error:  error log ma'lumotlar
2024-12-23T11:15:16.304Z  warn: warn log ma'lumotlar
2024-12-23T11:15:16.305Z  info: info log ma'lumotlar
2024-12-23T11:16:41.152Z  info: log ma'lumotlar
2024-12-23T11:16:41.154Z  error:  error log ma'lumotlar
2024-12-23T11:16:41.155Z  warn: warn log ma'lumotlar
2024-12-23T11:16:41.155Z  info: info log ma'lumotlar
2024-12-23T11:16:47.900Z  info: log ma'lumotlar
2024-12-23T11:16:47.901Z  error:  error log ma'lumotlar
2024-12-23T11:16:47.902Z  warn: warn log ma'lumotlar
2024-12-23T11:16:47.902Z  info: info log ma'lumotlar
2024-12-23T11:16:50.153Z  info: log ma'lumotlar
2024-12-23T11:16:50.155Z  error:  error log ma'lumotlar
2024-12-23T11:16:50.156Z  warn: warn log ma'lumotlar
2024-12-23T11:16:50.156Z  info: info log ma'lumotlar
2024-12-23T11:16:54.531Z  info: log ma'lumotlar
2024-12-23T11:16:54.533Z  error:  error log ma'lumotlar
2024-12-23T11:16:54.534Z  warn: warn log ma'lumotlar
2024-12-23T11:16:54.534Z  info: info log ma'lumotlar
2024-12-23T11:17:05.251Z  info: log ma'lumotlar
2024-12-23T11:17:05.253Z  error:  error log ma'lumotlar
2024-12-23T11:17:05.254Z  warn: warn log ma'lumotlar
2024-12-23T11:17:05.254Z  info: info log ma'lumotlar
2024-12-23T11:17:43.007Z  info: log ma'lumotlar
2024-12-23T11:17:43.009Z  error:  error log ma'lumotlar
2024-12-23T11:17:43.010Z  warn: warn log ma'lumotlar
2024-12-23T11:17:43.010Z  info: info log ma'lumotlar
2024-12-23T11:19:57.241Z  info: log ma'lumotlar
2024-12-23T11:19:57.243Z  error:  error log ma'lumotlar
2024-12-23T11:19:57.244Z  warn: warn log ma'lumotlar
2024-12-23T11:19:57.244Z  info: info log ma'lumotlar
2024-12-23T11:20:37.020Z  info: log ma'lumotlar
2024-12-23T11:20:37.022Z  error:  error log ma'lumotlar
2024-12-23T11:20:37.023Z  warn: warn log ma'lumotlar
2024-12-23T11:20:37.023Z  info: info log ma'lumotlar
2024-12-23T11:20:38.585Z  info: log ma'lumotlar
2024-12-23T11:20:38.587Z  error:  error log ma'lumotlar
2024-12-23T11:20:38.587Z  warn: warn log ma'lumotlar
2024-12-23T11:20:38.587Z  info: info log ma'lumotlar
2024-12-23T11:20:42.332Z  info: log ma'lumotlar
2024-12-23T11:20:42.334Z  error:  error log ma'lumotlar
2024-12-23T11:20:42.334Z  warn: warn log ma'lumotlar
2024-12-23T11:20:42.335Z  info: info log ma'lumotlar
2024-12-23T11:20:52.502Z  info: log ma'lumotlar
2024-12-23T11:20:52.504Z  error:  error log ma'lumotlar
2024-12-23T11:20:52.505Z  warn: warn log ma'lumotlar
2024-12-23T11:20:52.505Z  info: info log ma'lumotlar
2024-12-23T11:21:27.997Z  info: log ma'lumotlar
2024-12-23T11:21:28.001Z  error:  error log ma'lumotlar
2024-12-23T11:21:28.001Z  warn: warn log ma'lumotlar
2024-12-23T11:21:28.002Z  info: info log ma'lumotlar
2024-12-23T11:21:42.348Z  info: log ma'lumotlar
2024-12-23T11:21:42.350Z  error:  error log ma'lumotlar
2024-12-23T11:21:42.351Z  warn: warn log ma'lumotlar
2024-12-23T11:21:42.351Z  info: info log ma'lumotlar
2024-12-23T11:21:56.160Z  info: log ma'lumotlar
2024-12-23T11:21:56.162Z  error:  error log ma'lumotlar
2024-12-23T11:21:56.163Z  warn: warn log ma'lumotlar
2024-12-23T11:21:56.163Z  info: info log ma'lumotlar
2024-12-23T11:22:09.039Z  info: log ma'lumotlar
2024-12-23T11:22:09.041Z  error:  error log ma'lumotlar
2024-12-23T11:22:09.042Z  warn: warn log ma'lumotlar
2024-12-23T11:22:09.042Z  info: info log ma'lumotlar
2024-12-23T11:24:28.734Z  info: log ma'lumotlar
2024-12-23T11:24:28.736Z  error:  error log ma'lumotlar
2024-12-23T11:24:28.737Z  warn: warn log ma'lumotlar
2024-12-23T11:24:28.737Z  info: info log ma'lumotlar
2024-12-23T11:24:33.414Z  info: log ma'lumotlar
2024-12-23T11:24:33.416Z  error:  error log ma'lumotlar
2024-12-23T11:24:33.417Z  warn: warn log ma'lumotlar
2024-12-23T11:24:33.417Z  info: info log ma'lumotlar
2024-12-23T11:26:15.419Z  info: log ma'lumotlar
2024-12-23T11:26:15.421Z  error:  error log ma'lumotlar
2024-12-23T11:26:15.422Z  warn: warn log ma'lumotlar
2024-12-23T11:26:15.422Z  info: info log ma'lumotlar
2024-12-23T11:34:32.039Z  info: log ma'lumotlar
2024-12-23T11:34:32.041Z  error:  error log ma'lumotlar
2024-12-23T11:34:32.042Z  warn: warn log ma'lumotlar
2024-12-23T11:34:32.042Z  info: info log ma'lumotlar
2024-12-23T11:43:43.840Z  error: uncaughtException: Cannot read properties of undefined (reading 'Console')
TypeError: Cannot read properties of undefined (reading 'Console')
    at Object.<anonymous> (/home/komron/Desktop/ITinfo/app.js:29:28)
    at Module._compile (node:internal/modules/cjs/loader:1364:14)
    at Module._extensions..js (node:internal/modules/cjs/loader:1422:10)
    at Module.load (node:internal/modules/cjs/loader:1203:32)
    at Module._load (node:internal/modules/cjs/loader:1019:12)
    at Function.executeUserEntryPoint [as runMain] (node:internal/modules/run_main:128:12)
    at node:internal/main/run_main_module:28:49
2024-12-23T11:44:14.098Z  error: uncaughtException: Cannot read properties of undefined (reading 'Console')
TypeError: Cannot read properties of undefined (reading 'Console')
    at Object.<anonymous> (/home/komron/Desktop/ITinfo/app.js:29:28)
    at Module._compile (node:internal/modules/cjs/loader:1364:14)
    at Module._extensions..js (node:internal/modules/cjs/loader:1422:10)
    at Module.load (node:internal/modules/cjs/loader:1203:32)
    at Module._load (node:internal/modules/cjs/loader:1019:12)
    at Function.executeUserEntryPoint [as runMain] (node:internal/modules/run_main:128:12)
    at node:internal/main/run_main_module:28:49
2024-12-23T11:44:36.473Z  error: uncaughtException: Cannot read properties of undefined (reading 'Console')
TypeError: Cannot read properties of undefined (reading 'Console')
    at Object.<anonymous> (/home/komron/Desktop/ITinfo/app.js:29:28)
    at Module._compile (node:internal/modules/cjs/loader:1364:14)
    at Module._extensions..js (node:internal/modules/cjs/loader:1422:10)
    at Module.load (node:internal/modules/cjs/loader:1203:32)
    at Module._load (node:internal/modules/cjs/loader:1019:12)
    at Function.executeUserEntryPoint [as runMain] (node:internal/modules/run_main:128:12)
    at node:internal/main/run_main_module:28:49
2024-12-23T11:44:40.632Z  error: uncaughtException: Cannot read properties of undefined (reading 'Console')
TypeError: Cannot read properties of undefined (reading 'Console')
    at Object.<anonymous> (/home/komron/Desktop/ITinfo/app.js:29:28)
    at Module._compile (node:internal/modules/cjs/loader:1364:14)
    at Module._extensions..js (node:internal/modules/cjs/loader:1422:10)
    at Module.load (node:internal/modules/cjs/loader:1203:32)
    at Module._load (node:internal/modules/cjs/loader:1019:12)
    at Function.executeUserEntryPoint [as runMain] (node:internal/modules/run_main:128:12)
    at node:internal/main/run_main_module:28:49
2024-12-23T11:45:02.251Z  error: uncaughtException: Cannot read properties of undefined (reading 'Console')
TypeError: Cannot read properties of undefined (reading 'Console')
    at Object.<anonymous> (/home/komron/Desktop/ITinfo/app.js:29:28)
    at Module._compile (node:internal/modules/cjs/loader:1364:14)
    at Module._extensions..js (node:internal/modules/cjs/loader:1422:10)
    at Module.load (node:internal/modules/cjs/loader:1203:32)
    at Module._load (node:internal/modules/cjs/loader:1019:12)
    at Function.executeUserEntryPoint [as runMain] (node:internal/modules/run_main:128:12)
    at node:internal/main/run_main_module:28:49
2024-12-23T11:48:07.802Z  error: uncaughtException: Cannot read properties of undefined (reading 'Console')
TypeError: Cannot read properties of undefined (reading 'Console')
    at Object.<anonymous> (/home/komron/Desktop/ITinfo/app.js:29:28)
    at Module._compile (node:internal/modules/cjs/loader:1364:14)
    at Module._extensions..js (node:internal/modules/cjs/loader:1422:10)
    at Module.load (node:internal/modules/cjs/loader:1203:32)
    at Module._load (node:internal/modules/cjs/loader:1019:12)
    at Function.executeUserEntryPoint [as runMain] (node:internal/modules/run_main:128:12)
    at node:internal/main/run_main_module:28:49
2024-12-23T11:48:10.139Z  error: uncaughtException: Cannot read properties of undefined (reading 'Console')
TypeError: Cannot read properties of undefined (reading 'Console')
    at Object.<anonymous> (/home/komron/Desktop/ITinfo/app.js:29:28)
    at Module._compile (node:internal/modules/cjs/loader:1364:14)
    at Module._extensions..js (node:internal/modules/cjs/loader:1422:10)
    at Module.load (node:internal/modules/cjs/loader:1203:32)
    at Module._load (node:internal/modules/cjs/loader:1019:12)
    at Function.executeUserEntryPoint [as runMain] (node:internal/modules/run_main:128:12)
    at node:internal/main/run_main_module:28:49
2024-12-24T09:35:54.127Z  error: uncaughtException: req is not defined
ReferenceError: req is not defined
    at Object.<anonymous> (/home/komron/Desktop/ITinfo/app.js:11:15)
    at Module._compile (node:internal/modules/cjs/loader:1364:14)
    at Module._extensions..js (node:internal/modules/cjs/loader:1422:10)
    at Module.load (node:internal/modules/cjs/loader:1203:32)
    at Module._load (node:internal/modules/cjs/loader:1019:12)
    at Function.executeUserEntryPoint [as runMain] (node:internal/modules/run_main:128:12)
    at node:internal/main/run_main_module:28:49
2024-12-24T09:35:55.105Z  error: uncaughtException: requ is not defined
ReferenceError: requ is not defined
    at Object.<anonymous> (/home/komron/Desktop/ITinfo/app.js:11:15)
    at Module._compile (node:internal/modules/cjs/loader:1364:14)
    at Module._extensions..js (node:internal/modules/cjs/loader:1422:10)
    at Module.load (node:internal/modules/cjs/loader:1203:32)
    at Module._load (node:internal/modules/cjs/loader:1019:12)
    at Function.executeUserEntryPoint [as runMain] (node:internal/modules/run_main:128:12)
    at node:internal/main/run_main_module:28:49
2024-12-24T09:36:00.634Z  error: uncaughtException: Cannot find module 'expre'
Require stack:
- /home/komron/Desktop/ITinfo/app.js
Error: Cannot find module 'expre'
Require stack:
- /home/komron/Desktop/ITinfo/app.js
    at Module._resolveFilename (node:internal/modules/cjs/loader:1140:15)
    at Module._load (node:internal/modules/cjs/loader:981:27)
    at Module.require (node:internal/modules/cjs/loader:1231:19)
    at require (node:internal/modules/helpers:177:18)
    at Object.<anonymous> (/home/komron/Desktop/ITinfo/app.js:11:15)
    at Module._compile (node:internal/modules/cjs/loader:1364:14)
    at Module._extensions..js (node:internal/modules/cjs/loader:1422:10)
    at Module.load (node:internal/modules/cjs/loader:1203:32)
    at Module._load (node:internal/modules/cjs/loader:1019:12)
    at Function.executeUserEntryPoint [as runMain] (node:internal/modules/run_main:128:12)
2024-12-24T09:36:24.694Z  error: uncaughtException: ex is not defined
ReferenceError: ex is not defined
    at Object.<anonymous> (/home/komron/Desktop/ITinfo/app.js:14:13)
    at Module._compile (node:internal/modules/cjs/loader:1364:14)
    at Module._extensions..js (node:internal/modules/cjs/loader:1422:10)
    at Module.load (node:internal/modules/cjs/loader:1203:32)
    at Module._load (node:internal/modules/cjs/loader:1019:12)
    at Function.executeUserEntryPoint [as runMain] (node:internal/modules/run_main:128:12)
    at node:internal/main/run_main_module:28:49
2024-12-24T09:36:35.828Z  error: uncaughtException: defaultLayout is not defined
ReferenceError: defaultLayout is not defined
    at Object.<anonymous> (/home/komron/Desktop/ITinfo/app.js:15:3)
    at Module._compile (node:internal/modules/cjs/loader:1364:14)
    at Module._extensions..js (node:internal/modules/cjs/loader:1422:10)
    at Module.load (node:internal/modules/cjs/loader:1203:32)
    at Module._load (node:internal/modules/cjs/loader:1019:12)
    at Function.executeUserEntryPoint [as runMain] (node:internal/modules/run_main:128:12)
    at node:internal/main/run_main_module:28:49
2024-12-24T09:36:54.931Z  error: uncaughtException: exp is not defined
ReferenceError: exp is not defined
    at Object.<anonymous> (/home/komron/Desktop/ITinfo/app.js:16:3)
    at Module._compile (node:internal/modules/cjs/loader:1364:14)
    at Module._extensions..js (node:internal/modules/cjs/loader:1422:10)
    at Module.load (node:internal/modules/cjs/loader:1203:32)
    at Module._load (node:internal/modules/cjs/loader:1019:12)
    at Function.executeUserEntryPoint [as runMain] (node:internal/modules/run_main:128:12)
    at node:internal/main/run_main_module:28:49
2024-12-24T09:37:00.099Z  error: uncaughtException: ext is not defined
ReferenceError: ext is not defined
    at Object.<anonymous> (/home/komron/Desktop/ITinfo/app.js:16:3)
    at Module._compile (node:internal/modules/cjs/loader:1364:14)
    at Module._extensions..js (node:internal/modules/cjs/loader:1422:10)
    at Module.load (node:internal/modules/cjs/loader:1203:32)
    at Module._load (node:internal/modules/cjs/loader:1019:12)
    at Function.executeUserEntryPoint [as runMain] (node:internal/modules/run_main:128:12)
    at node:internal/main/run_main_module:28:49
2024-12-24T09:38:14.314Z  error: uncaughtException: callback function required
Error: callback function required
    at Function.engine (/home/komron/Desktop/ITinfo/node_modules/express/lib/application.js:302:11)
    at Object.<anonymous> (/home/komron/Desktop/ITinfo/app.js:23:5)
    at Module._compile (node:internal/modules/cjs/loader:1364:14)
    at Module._extensions..js (node:internal/modules/cjs/loader:1422:10)
    at Module.load (node:internal/modules/cjs/loader:1203:32)
    at Module._load (node:internal/modules/cjs/loader:1019:12)
    at Function.executeUserEntryPoint [as runMain] (node:internal/modules/run_main:128:12)
    at node:internal/main/run_main_module:28:49
2024-12-24T09:38:17.813Z  error: uncaughtException: callback function required
Error: callback function required
    at Function.engine (/home/komron/Desktop/ITinfo/node_modules/express/lib/application.js:302:11)
    at Object.<anonymous> (/home/komron/Desktop/ITinfo/app.js:23:5)
    at Module._compile (node:internal/modules/cjs/loader:1364:14)
    at Module._extensions..js (node:internal/modules/cjs/loader:1422:10)
    at Module.load (node:internal/modules/cjs/loader:1203:32)
    at Module._load (node:internal/modules/cjs/loader:1019:12)
    at Function.executeUserEntryPoint [as runMain] (node:internal/modules/run_main:128:12)
    at node:internal/main/run_main_module:28:49
2024-12-24T09:38:20.071Z  error: uncaughtException: callback function required
Error: callback function required
    at Function.engine (/home/komron/Desktop/ITinfo/node_modules/express/lib/application.js:302:11)
    at Object.<anonymous> (/home/komron/Desktop/ITinfo/app.js:23:5)
    at Module._compile (node:internal/modules/cjs/loader:1364:14)
    at Module._extensions..js (node:internal/modules/cjs/loader:1422:10)
    at Module.load (node:internal/modules/cjs/loader:1203:32)
    at Module._load (node:internal/modules/cjs/loader:1019:12)
    at Function.executeUserEntryPoint [as runMain] (node:internal/modules/run_main:128:12)
    at node:internal/main/run_main_module:28:49
2024-12-24T09:38:22.673Z  error: uncaughtException: callback function required
Error: callback function required
    at Function.engine (/home/komron/Desktop/ITinfo/node_modules/express/lib/application.js:302:11)
    at Object.<anonymous> (/home/komron/Desktop/ITinfo/app.js:23:5)
    at Module._compile (node:internal/modules/cjs/loader:1364:14)
    at Module._extensions..js (node:internal/modules/cjs/loader:1422:10)
    at Module.load (node:internal/modules/cjs/loader:1203:32)
    at Module._load (node:internal/modules/cjs/loader:1019:12)
    at Function.executeUserEntryPoint [as runMain] (node:internal/modules/run_main:128:12)
    at node:internal/main/run_main_module:28:49
2024-12-24T09:38:25.002Z  error: uncaughtException: callback function required
Error: callback function required
    at Function.engine (/home/komron/Desktop/ITinfo/node_modules/express/lib/application.js:302:11)
    at Object.<anonymous> (/home/komron/Desktop/ITinfo/app.js:23:5)
    at Module._compile (node:internal/modules/cjs/loader:1364:14)
    at Module._extensions..js (node:internal/modules/cjs/loader:1422:10)
    at Module.load (node:internal/modules/cjs/loader:1203:32)
    at Module._load (node:internal/modules/cjs/loader:1019:12)
    at Function.executeUserEntryPoint [as runMain] (node:internal/modules/run_main:128:12)
    at node:internal/main/run_main_module:28:49
2024-12-24T09:38:30.281Z  error: uncaughtException: callback function required
Error: callback function required
    at Function.engine (/home/komron/Desktop/ITinfo/node_modules/express/lib/application.js:302:11)
    at Object.<anonymous> (/home/komron/Desktop/ITinfo/app.js:23:5)
    at Module._compile (node:internal/modules/cjs/loader:1364:14)
    at Module._extensions..js (node:internal/modules/cjs/loader:1422:10)
    at Module.load (node:internal/modules/cjs/loader:1203:32)
    at Module._load (node:internal/modules/cjs/loader:1019:12)
    at Function.executeUserEntryPoint [as runMain] (node:internal/modules/run_main:128:12)
    at node:internal/main/run_main_module:28:49
2024-12-24T09:38:43.921Z  error: uncaughtException: Cannot read properties of undefined (reading 'use')
TypeError: Cannot read properties of undefined (reading 'use')
    at Object.<anonymous> (/home/komron/Desktop/ITinfo/app.js:28:5)
    at Module._compile (node:internal/modules/cjs/loader:1364:14)
    at Module._extensions..js (node:internal/modules/cjs/loader:1422:10)
    at Module.load (node:internal/modules/cjs/loader:1203:32)
    at Module._load (node:internal/modules/cjs/loader:1019:12)
    at Function.executeUserEntryPoint [as runMain] (node:internal/modules/run_main:128:12)
    at node:internal/main/run_main_module:28:49
2024-12-24T09:39:12.477Z  error: uncaughtException: Cannot read properties of undefined (reading 'use')
TypeError: Cannot read properties of undefined (reading 'use')
    at Object.<anonymous> (/home/komron/Desktop/ITinfo/app.js:29:5)
    at Module._compile (node:internal/modules/cjs/loader:1364:14)
    at Module._extensions..js (node:internal/modules/cjs/loader:1422:10)
    at Module.load (node:internal/modules/cjs/loader:1203:32)
    at Module._load (node:internal/modules/cjs/loader:1019:12)
    at Function.executeUserEntryPoint [as runMain] (node:internal/modules/run_main:128:12)
    at node:internal/main/run_main_module:28:49
2024-12-24T09:39:56.014Z  error: uncaughtException: ex is not defined
ReferenceError: ex is not defined
    at Object.<anonymous> (/home/komron/Desktop/ITinfo/app.js:26:9)
    at Module._compile (node:internal/modules/cjs/loader:1364:14)
    at Module._extensions..js (node:internal/modules/cjs/loader:1422:10)
    at Module.load (node:internal/modules/cjs/loader:1203:32)
    at Module._load (node:internal/modules/cjs/loader:1019:12)
    at Function.executeUserEntryPoint [as runMain] (node:internal/modules/run_main:128:12)
    at node:internal/main/run_main_module:28:49
2024-12-24T09:40:04.066Z  error: uncaughtException: app.use() requires a middleware function
TypeError: app.use() requires a middleware function
    at Function.use (/home/komron/Desktop/ITinfo/node_modules/express/lib/application.js:217:11)
    at Object.<anonymous> (/home/komron/Desktop/ITinfo/app.js:26:5)
    at Module._compile (node:internal/modules/cjs/loader:1364:14)
    at Module._extensions..js (node:internal/modules/cjs/loader:1422:10)
    at Module.load (node:internal/modules/cjs/loader:1203:32)
    at Module._load (node:internal/modules/cjs/loader:1019:12)
    at Function.executeUserEntryPoint [as runMain] (node:internal/modules/run_main:128:12)
    at node:internal/main/run_main_module:28:49
2024-12-24T09:40:07.084Z  error: uncaughtException: root path required
TypeError: root path required
    at Function.serveStatic [as static] (/home/komron/Desktop/ITinfo/node_modules/serve-static/index.js:40:11)
    at Object.<anonymous> (/home/komron/Desktop/ITinfo/app.js:26:17)
    at Module._compile (node:internal/modules/cjs/loader:1364:14)
    at Module._extensions..js (node:internal/modules/cjs/loader:1422:10)
    at Module.load (node:internal/modules/cjs/loader:1203:32)
    at Module._load (node:internal/modules/cjs/loader:1019:12)
    at Function.executeUserEntryPoint [as runMain] (node:internal/modules/run_main:128:12)
    at node:internal/main/run_main_module:28:49
2024-12-24T10:19:41.586Z  error: uncaughtException: view is not defined
ReferenceError: view is not defined
    at Object.<anonymous> (/home/komron/Desktop/ITinfo/app.js:12:1)
    at Module._compile (node:internal/modules/cjs/loader:1364:14)
    at Module._extensions..js (node:internal/modules/cjs/loader:1422:10)
    at Module.load (node:internal/modules/cjs/loader:1203:32)
    at Module._load (node:internal/modules/cjs/loader:1019:12)
    at Function.executeUserEntryPoint [as runMain] (node:internal/modules/run_main:128:12)
    at node:internal/main/run_main_module:28:49
2024-12-24T10:19:42.701Z  error: uncaughtException: views is not defined
ReferenceError: views is not defined
    at Object.<anonymous> (/home/komron/Desktop/ITinfo/app.js:12:1)
    at Module._compile (node:internal/modules/cjs/loader:1364:14)
    at Module._extensions..js (node:internal/modules/cjs/loader:1422:10)
    at Module.load (node:internal/modules/cjs/loader:1203:32)
    at Module._load (node:internal/modules/cjs/loader:1019:12)
    at Function.executeUserEntryPoint [as runMain] (node:internal/modules/run_main:128:12)
    at node:internal/main/run_main_module:28:49
2024-12-24T10:19:58.248Z  error: uncaughtException: req is not defined
ReferenceError: req is not defined
    at Object.<anonymous> (/home/komron/Desktop/ITinfo/app.js:12:20)
    at Module._compile (node:internal/modules/cjs/loader:1364:14)
    at Module._extensions..js (node:internal/modules/cjs/loader:1422:10)
    at Module.load (node:internal/modules/cjs/loader:1203:32)
    at Module._load (node:internal/modules/cjs/loader:1019:12)
    at Function.executeUserEntryPoint [as runMain] (node:internal/modules/run_main:128:12)
    at node:internal/main/run_main_module:28:49
2024-12-24T10:20:00.264Z  error: uncaughtException: requie is not defined
ReferenceError: requie is not defined
    at Object.<anonymous> (/home/komron/Desktop/ITinfo/app.js:12:20)
    at Module._compile (node:internal/modules/cjs/loader:1364:14)
    at Module._extensions..js (node:internal/modules/cjs/loader:1422:10)
    at Module.load (node:internal/modules/cjs/loader:1203:32)
    at Module._load (node:internal/modules/cjs/loader:1019:12)
    at Function.executeUserEntryPoint [as runMain] (node:internal/modules/run_main:128:12)
    at node:internal/main/run_main_module:28:49
2024-12-24T10:20:05.096Z  error: uncaughtException: The "id" argument must be of type string. Received undefined
TypeError [ERR_INVALID_ARG_TYPE]: The "id" argument must be of type string. Received undefined
    at new NodeError (node:internal/errors:405:5)
    at validateString (node:internal/validators:162:11)
    at Module.require (node:internal/modules/cjs/loader:1224:3)
    at require (node:internal/modules/helpers:177:18)
    at Object.<anonymous> (/home/komron/Desktop/ITinfo/app.js:12:20)
    at Module._compile (node:internal/modules/cjs/loader:1364:14)
    at Module._extensions..js (node:internal/modules/cjs/loader:1422:10)
    at Module.load (node:internal/modules/cjs/loader:1203:32)
    at Module._load (node:internal/modules/cjs/loader:1019:12)
    at Function.executeUserEntryPoint [as runMain] (node:internal/modules/run_main:128:12)
2024-12-24T10:20:10.416Z  error: uncaughtException: Cannot find module './routes'
Require stack:
- /home/komron/Desktop/ITinfo/app.js
Error: Cannot find module './routes'
Require stack:
- /home/komron/Desktop/ITinfo/app.js
    at Module._resolveFilename (node:internal/modules/cjs/loader:1140:15)
    at Module._load (node:internal/modules/cjs/loader:981:27)
    at Module.require (node:internal/modules/cjs/loader:1231:19)
    at require (node:internal/modules/helpers:177:18)
    at Object.<anonymous> (/home/komron/Desktop/ITinfo/app.js:12:20)
    at Module._compile (node:internal/modules/cjs/loader:1364:14)
    at Module._extensions..js (node:internal/modules/cjs/loader:1422:10)
    at Module.load (node:internal/modules/cjs/loader:1203:32)
    at Module._load (node:internal/modules/cjs/loader:1019:12)
    at Function.executeUserEntryPoint [as runMain] (node:internal/modules/run_main:128:12)
2024-12-24T10:20:11.658Z  error: uncaughtException: Cannot find module './routes/'
Require stack:
- /home/komron/Desktop/ITinfo/app.js
Error: Cannot find module './routes/'
Require stack:
- /home/komron/Desktop/ITinfo/app.js
    at Module._resolveFilename (node:internal/modules/cjs/loader:1140:15)
    at Module._load (node:internal/modules/cjs/loader:981:27)
    at Module.require (node:internal/modules/cjs/loader:1231:19)
    at require (node:internal/modules/helpers:177:18)
    at Object.<anonymous> (/home/komron/Desktop/ITinfo/app.js:12:20)
    at Module._compile (node:internal/modules/cjs/loader:1364:14)
    at Module._extensions..js (node:internal/modules/cjs/loader:1422:10)
    at Module.load (node:internal/modules/cjs/loader:1203:32)
    at Module._load (node:internal/modules/cjs/loader:1019:12)
    at Function.executeUserEntryPoint [as runMain] (node:internal/modules/run_main:128:12)
2024-12-24T10:20:13.813Z  error: uncaughtException: createViewPage is not defined
ReferenceError: createViewPage is not defined
    at Object.<anonymous> (/home/komron/Desktop/ITinfo/helpers/create_view_page.js:7:5)
    at Module._compile (node:internal/modules/cjs/loader:1364:14)
    at Module._extensions..js (node:internal/modules/cjs/loader:1422:10)
    at Module.load (node:internal/modules/cjs/loader:1203:32)
    at Module._load (node:internal/modules/cjs/loader:1019:12)
    at Module.require (node:internal/modules/cjs/loader:1231:19)
    at require (node:internal/modules/helpers:177:18)
    at Object.<anonymous> (/home/komron/Desktop/ITinfo/routes/view.routes.js:1:28)
    at Module._compile (node:internal/modules/cjs/loader:1364:14)
    at Module._extensions..js (node:internal/modules/cjs/loader:1422:10)
2024-12-24T10:20:27.575Z  error: uncaughtException: createViewPage is not defined
ReferenceError: createViewPage is not defined
    at Object.<anonymous> (/home/komron/Desktop/ITinfo/helpers/create_view_page.js:7:5)
    at Module._compile (node:internal/modules/cjs/loader:1364:14)
    at Module._extensions..js (node:internal/modules/cjs/loader:1422:10)
    at Module.load (node:internal/modules/cjs/loader:1203:32)
    at Module._load (node:internal/modules/cjs/loader:1019:12)
    at Module.require (node:internal/modules/cjs/loader:1231:19)
    at require (node:internal/modules/helpers:177:18)
    at Object.<anonymous> (/home/komron/Desktop/ITinfo/routes/view.routes.js:1:28)
    at Module._compile (node:internal/modules/cjs/loader:1364:14)
    at Module._extensions..js (node:internal/modules/cjs/loader:1422:10)
2024-12-24T10:20:31.438Z  error: uncaughtException: createViewPage is not defined
ReferenceError: createViewPage is not defined
    at Object.<anonymous> (/home/komron/Desktop/ITinfo/helpers/create_view_page.js:7:5)
    at Module._compile (node:internal/modules/cjs/loader:1364:14)
    at Module._extensions..js (node:internal/modules/cjs/loader:1422:10)
    at Module.load (node:internal/modules/cjs/loader:1203:32)
    at Module._load (node:internal/modules/cjs/loader:1019:12)
    at Module.require (node:internal/modules/cjs/loader:1231:19)
    at require (node:internal/modules/helpers:177:18)
    at Object.<anonymous> (/home/komron/Desktop/ITinfo/routes/view.routes.js:1:28)
    at Module._compile (node:internal/modules/cjs/loader:1364:14)
    at Module._extensions..js (node:internal/modules/cjs/loader:1422:10)
2024-12-24T10:20:35.146Z  error: uncaughtException: createViewPage is not defined
ReferenceError: createViewPage is not defined
    at Object.<anonymous> (/home/komron/Desktop/ITinfo/helpers/create_view_page.js:7:5)
    at Module._compile (node:internal/modules/cjs/loader:1364:14)
    at Module._extensions..js (node:internal/modules/cjs/loader:1422:10)
    at Module.load (node:internal/modules/cjs/loader:1203:32)
    at Module._load (node:internal/modules/cjs/loader:1019:12)
    at Module.require (node:internal/modules/cjs/loader:1231:19)
    at require (node:internal/modules/helpers:177:18)
    at Object.<anonymous> (/home/komron/Desktop/ITinfo/routes/view.routes.js:1:28)
    at Module._compile (node:internal/modules/cjs/loader:1364:14)
    at Module._extensions..js (node:internal/modules/cjs/loader:1422:10)
2024-12-24T10:20:40.175Z  error: uncaughtException: createViewPage is not defined
ReferenceError: createViewPage is not defined
    at Object.<anonymous> (/home/komron/Desktop/ITinfo/helpers/create_view_page.js:7:5)
    at Module._compile (node:internal/modules/cjs/loader:1364:14)
    at Module._extensions..js (node:internal/modules/cjs/loader:1422:10)
    at Module.load (node:internal/modules/cjs/loader:1203:32)
    at Module._load (node:internal/modules/cjs/loader:1019:12)
    at Module.require (node:internal/modules/cjs/loader:1231:19)
    at require (node:internal/modules/helpers:177:18)
    at Object.<anonymous> (/home/komron/Desktop/ITinfo/routes/view.routes.js:1:28)
    at Module._compile (node:internal/modules/cjs/loader:1364:14)
    at Module._extensions..js (node:internal/modules/cjs/loader:1422:10)
2024-12-24T10:20:42.524Z  error: uncaughtException: createViewPage is not defined
ReferenceError: createViewPage is not defined
    at Object.<anonymous> (/home/komron/Desktop/ITinfo/helpers/create_view_page.js:7:5)
    at Module._compile (node:internal/modules/cjs/loader:1364:14)
    at Module._extensions..js (node:internal/modules/cjs/loader:1422:10)
    at Module.load (node:internal/modules/cjs/loader:1203:32)
    at Module._load (node:internal/modules/cjs/loader:1019:12)
    at Module.require (node:internal/modules/cjs/loader:1231:19)
    at require (node:internal/modules/helpers:177:18)
    at Object.<anonymous> (/home/komron/Desktop/ITinfo/routes/view.routes.js:1:28)
    at Module._compile (node:internal/modules/cjs/loader:1364:14)
    at Module._extensions..js (node:internal/modules/cjs/loader:1422:10)
2024-12-24T10:20:43.995Z  error: uncaughtException: createViewPage is not defined
ReferenceError: createViewPage is not defined
    at Object.<anonymous> (/home/komron/Desktop/ITinfo/helpers/create_view_page.js:7:5)
    at Module._compile (node:internal/modules/cjs/loader:1364:14)
    at Module._extensions..js (node:internal/modules/cjs/loader:1422:10)
    at Module.load (node:internal/modules/cjs/loader:1203:32)
    at Module._load (node:internal/modules/cjs/loader:1019:12)
    at Module.require (node:internal/modules/cjs/loader:1231:19)
    at require (node:internal/modules/helpers:177:18)
    at Object.<anonymous> (/home/komron/Desktop/ITinfo/routes/view.routes.js:1:28)
    at Module._compile (node:internal/modules/cjs/loader:1364:14)
    at Module._extensions..js (node:internal/modules/cjs/loader:1422:10)
2024-12-24T10:20:51.865Z  error: uncaughtException: createViewPage is not defined
ReferenceError: createViewPage is not defined
    at Object.<anonymous> (/home/komron/Desktop/ITinfo/helpers/create_view_page.js:7:5)
    at Module._compile (node:internal/modules/cjs/loader:1364:14)
    at Module._extensions..js (node:internal/modules/cjs/loader:1422:10)
    at Module.load (node:internal/modules/cjs/loader:1203:32)
    at Module._load (node:internal/modules/cjs/loader:1019:12)
    at Module.require (node:internal/modules/cjs/loader:1231:19)
    at require (node:internal/modules/helpers:177:18)
    at Object.<anonymous> (/home/komron/Desktop/ITinfo/routes/view.routes.js:1:28)
    at Module._compile (node:internal/modules/cjs/loader:1364:14)
    at Module._extensions..js (node:internal/modules/cjs/loader:1422:10)
2024-12-24T10:21:16.932Z  error: uncaughtException: createViewPage is not defined
ReferenceError: createViewPage is not defined
    at Object.<anonymous> (/home/komron/Desktop/ITinfo/helpers/create_view_page.js:7:5)
    at Module._compile (node:internal/modules/cjs/loader:1364:14)
    at Module._extensions..js (node:internal/modules/cjs/loader:1422:10)
    at Module.load (node:internal/modules/cjs/loader:1203:32)
    at Module._load (node:internal/modules/cjs/loader:1019:12)
    at Module.require (node:internal/modules/cjs/loader:1231:19)
    at require (node:internal/modules/helpers:177:18)
    at Object.<anonymous> (/home/komron/Desktop/ITinfo/routes/view.routes.js:1:28)
    at Module._compile (node:internal/modules/cjs/loader:1364:14)
    at Module._extensions..js (node:internal/modules/cjs/loader:1422:10)
2024-12-24T10:21:49.263Z  error: uncaughtException: createViewPage is not defined
ReferenceError: createViewPage is not defined
    at Object.<anonymous> (/home/komron/Desktop/ITinfo/helpers/create_view_page.js:7:5)
    at Module._compile (node:internal/modules/cjs/loader:1364:14)
    at Module._extensions..js (node:internal/modules/cjs/loader:1422:10)
    at Module.load (node:internal/modules/cjs/loader:1203:32)
    at Module._load (node:internal/modules/cjs/loader:1019:12)
    at Module.require (node:internal/modules/cjs/loader:1231:19)
    at require (node:internal/modules/helpers:177:18)
    at Object.<anonymous> (/home/komron/Desktop/ITinfo/routes/view.routes.js:1:28)
    at Module._compile (node:internal/modules/cjs/loader:1364:14)
    at Module._extensions..js (node:internal/modules/cjs/loader:1422:10)
2024-12-24T10:21:51.495Z  error: uncaughtException: createViewPage is not defined
ReferenceError: createViewPage is not defined
    at Object.<anonymous> (/home/komron/Desktop/ITinfo/helpers/create_view_page.js:7:5)
    at Module._compile (node:internal/modules/cjs/loader:1364:14)
    at Module._extensions..js (node:internal/modules/cjs/loader:1422:10)
    at Module.load (node:internal/modules/cjs/loader:1203:32)
    at Module._load (node:internal/modules/cjs/loader:1019:12)
    at Module.require (node:internal/modules/cjs/loader:1231:19)
    at require (node:internal/modules/helpers:177:18)
    at Object.<anonymous> (/home/komron/Desktop/ITinfo/routes/view.routes.js:1:28)
    at Module._compile (node:internal/modules/cjs/loader:1364:14)
    at Module._extensions..js (node:internal/modules/cjs/loader:1422:10)
2024-12-24T10:21:57.810Z  error: uncaughtException: createViewPage is not defined
ReferenceError: createViewPage is not defined
    at Object.<anonymous> (/home/komron/Desktop/ITinfo/helpers/create_view_page.js:7:5)
    at Module._compile (node:internal/modules/cjs/loader:1364:14)
    at Module._extensions..js (node:internal/modules/cjs/loader:1422:10)
    at Module.load (node:internal/modules/cjs/loader:1203:32)
    at Module._load (node:internal/modules/cjs/loader:1019:12)
    at Module.require (node:internal/modules/cjs/loader:1231:19)
    at require (node:internal/modules/helpers:177:18)
    at Object.<anonymous> (/home/komron/Desktop/ITinfo/routes/view.routes.js:1:28)
    at Module._compile (node:internal/modules/cjs/loader:1364:14)
    at Module._extensions..js (node:internal/modules/cjs/loader:1422:10)
2024-12-24T10:25:09.152Z  error: #if requires exactly one argument
2024-12-24T10:25:15.023Z  error: #if requires exactly one argument
2024-12-24T10:25:28.882Z  error: #if requires exactly one argument
2024-12-24T10:26:24.760Z  error: #if requires exactly one argument
2024-12-24T10:26:25.395Z  error: #if requires exactly one argument
2024-12-24T10:26:25.575Z  error: #if requires exactly one argument
2024-12-24T10:26:25.738Z  error: #if requires exactly one argument
2024-12-24T10:26:25.895Z  error: #if requires exactly one argument
2024-12-24T10:26:26.240Z  error: #if requires exactly one argument
2024-12-24T10:26:26.758Z  error: #if requires exactly one argument
2024-12-24T10:26:26.906Z  error: #if requires exactly one argument
2024-12-24T10:53:03.474Z  error: uncaughtException: Unexpected token '.'
/home/komron/Desktop/ITinfo/controllers/author.controller.js:144
    res.status(200).send({ message: "Tizimga hush kelibsiz", tokens.accessToken });
                                                                   ^

SyntaxError: Unexpected token '.'
    at internalCompileFunction (node:internal/vm:76:18)
    at wrapSafe (node:internal/modules/cjs/loader:1283:20)
    at Module._compile (node:internal/modules/cjs/loader:1328:27)
    at Module._extensions..js (node:internal/modules/cjs/loader:1422:10)
    at Module.load (node:internal/modules/cjs/loader:1203:32)
    at Module._load (node:internal/modules/cjs/loader:1019:12)
    at Module.require (node:internal/modules/cjs/loader:1231:19)
    at require (node:internal/modules/helpers:177:18)
    at Object.<anonymous> (/home/komron/Desktop/ITinfo/routes/category.routes.js:1:28)
    at Module._compile (node:internal/modules/cjs/loader:1364:14)
2024-12-24T10:53:06.395Z  error: uncaughtException: Unexpected token '.'
/home/komron/Desktop/ITinfo/controllers/author.controller.js:144
    res.status(200).send({ message: "Tizimga hush kelibsiz", tokens.accessToken, });
                                                                   ^

SyntaxError: Unexpected token '.'
    at internalCompileFunction (node:internal/vm:76:18)
    at wrapSafe (node:internal/modules/cjs/loader:1283:20)
    at Module._compile (node:internal/modules/cjs/loader:1328:27)
    at Module._extensions..js (node:internal/modules/cjs/loader:1422:10)
    at Module.load (node:internal/modules/cjs/loader:1203:32)
    at Module._load (node:internal/modules/cjs/loader:1019:12)
    at Module.require (node:internal/modules/cjs/loader:1231:19)
    at require (node:internal/modules/helpers:177:18)
    at Object.<anonymous> (/home/komron/Desktop/ITinfo/routes/category.routes.js:1:28)
    at Module._compile (node:internal/modules/cjs/loader:1364:14)
2024-12-24T10:53:14.584Z  error: uncaughtException: Unexpected token '.'
/home/komron/Desktop/ITinfo/controllers/author.controller.js:144
    res.status(200).send({ message: "Tizimga hush kelibsiz", accsestokens.accessToken, });
                                                                         ^

SyntaxError: Unexpected token '.'
    at internalCompileFunction (node:internal/vm:76:18)
    at wrapSafe (node:internal/modules/cjs/loader:1283:20)
    at Module._compile (node:internal/modules/cjs/loader:1328:27)
    at Module._extensions..js (node:internal/modules/cjs/loader:1422:10)
    at Module.load (node:internal/modules/cjs/loader:1203:32)
    at Module._load (node:internal/modules/cjs/loader:1019:12)
    at Module.require (node:internal/modules/cjs/loader:1231:19)
    at require (node:internal/modules/helpers:177:18)
    at Object.<anonymous> (/home/komron/Desktop/ITinfo/routes/category.routes.js:1:28)
    at Module._compile (node:internal/modules/cjs/loader:1364:14)
2024-12-24T10:53:34.438Z  error: uncaughtException: Unexpected token '}'
/home/komron/Desktop/ITinfo/controllers/author.controller.js:146
     });
     ^

SyntaxError: Unexpected token '}'
    at internalCompileFunction (node:internal/vm:76:18)
    at wrapSafe (node:internal/modules/cjs/loader:1283:20)
    at Module._compile (node:internal/modules/cjs/loader:1328:27)
    at Module._extensions..js (node:internal/modules/cjs/loader:1422:10)
    at Module.load (node:internal/modules/cjs/loader:1203:32)
    at Module._load (node:internal/modules/cjs/loader:1019:12)
    at Module.require (node:internal/modules/cjs/loader:1231:19)
    at require (node:internal/modules/helpers:177:18)
    at Object.<anonymous> (/home/komron/Desktop/ITinfo/routes/category.routes.js:1:28)
    at Module._compile (node:internal/modules/cjs/loader:1364:14)
2024-12-24T10:53:39.249Z  error: uncaughtException: Unexpected token '}'
/home/komron/Desktop/ITinfo/controllers/author.controller.js:146
     });
     ^

SyntaxError: Unexpected token '}'
    at internalCompileFunction (node:internal/vm:76:18)
    at wrapSafe (node:internal/modules/cjs/loader:1283:20)
    at Module._compile (node:internal/modules/cjs/loader:1328:27)
    at Module._extensions..js (node:internal/modules/cjs/loader:1422:10)
    at Module.load (node:internal/modules/cjs/loader:1203:32)
    at Module._load (node:internal/modules/cjs/loader:1019:12)
    at Module.require (node:internal/modules/cjs/loader:1231:19)
    at require (node:internal/modules/helpers:177:18)
    at Object.<anonymous> (/home/komron/Desktop/ITinfo/routes/category.routes.js:1:28)
    at Module._compile (node:internal/modules/cjs/loader:1364:14)
2024-12-24T11:38:03.170Z  info: Server started at: http://localhost:3030
2024-12-24T11:38:30.895Z  info: Server started at: http://localhost:3030
2024-12-24T11:48:07.687Z  info: Server started at: http://localhost:3030
2024-12-25T06:29:08.091Z  info: Server started at: http://localhost:3030
2024-12-25T07:09:01.428Z  error: uncaughtException: Unexpected token ','
/home/komron/Desktop/ITinfo/routes/author.routes.js:18
router.get("/all", , getAuthors);
                   ^

SyntaxError: Unexpected token ','
    at internalCompileFunction (node:internal/vm:76:18)
    at wrapSafe (node:internal/modules/cjs/loader:1283:20)
    at Module._compile (node:internal/modules/cjs/loader:1328:27)
    at Module._extensions..js (node:internal/modules/cjs/loader:1422:10)
    at Module.load (node:internal/modules/cjs/loader:1203:32)
    at Module._load (node:internal/modules/cjs/loader:1019:12)
    at Module.require (node:internal/modules/cjs/loader:1231:19)
    at require (node:internal/modules/helpers:177:18)
    at Object.<anonymous> (/home/komron/Desktop/ITinfo/routes/index.routes.js:7:21)
    at Module._compile (node:internal/modules/cjs/loader:1364:14)
2024-12-25T07:09:05.274Z  info: Server started at: http://localhost:3030
2024-12-25T07:41:18.294Z  error: Topic validation failed: author_id: Cast to ObjectId failed for value "123abc" (type string) at path "author_id" because of "BSONError", expert_id: Cast to ObjectId failed for value "456def" (type string) at path "expert_id" because of "BSONError"
2024-12-25T07:49:47.732Z  error: Schema hasn't been registered for model "Expert".
Use mongoose.model(name, schema)
2024-12-25T07:51:11.318Z  error: Schema hasn't been registered for model "Expert".
Use mongoose.model(name, schema)
2024-12-25T07:51:43.402Z  info: Server started at: http://localhost:3030
2024-12-25T09:04:30.666Z  info: Server started at: http://localhost:3030
2024-12-25T09:04:50.281Z  info: Server started at: http://localhost:3030
2024-12-25T09:43:06.932Z  error: uncaughtException: Unexpected token ','
/home/komron/Desktop/ITinfo/routes/author.routes.js:18
router.get("/all",, getAuthors);
                  ^

SyntaxError: Unexpected token ','
    at internalCompileFunction (node:internal/vm:76:18)
    at wrapSafe (node:internal/modules/cjs/loader:1283:20)
    at Module._compile (node:internal/modules/cjs/loader:1328:27)
    at Module._extensions..js (node:internal/modules/cjs/loader:1422:10)
    at Module.load (node:internal/modules/cjs/loader:1203:32)
    at Module._load (node:internal/modules/cjs/loader:1019:12)
    at Module.require (node:internal/modules/cjs/loader:1231:19)
    at require (node:internal/modules/helpers:177:18)
    at Object.<anonymous> (/home/komron/Desktop/ITinfo/routes/index.routes.js:7:21)
    at Module._compile (node:internal/modules/cjs/loader:1364:14)
2024-12-25T09:43:10.729Z  info: Server started at: http://localhost:3030
2024-12-25T09:43:50.335Z  info: Server started at: http://localhost:3030
2024-12-25T09:52:52.901Z  error: Author validation failed: author_nick_name: Path `author_nick_name` is required.
2024-12-25T09:58:31.014Z  info: Server started at: http://localhost:3030
2024-12-25T09:58:43.673Z  info: Server started at: http://localhost:3030
2024-12-25T09:58:52.961Z  info: Server started at: http://localhost:3030
2024-12-25T09:58:57.768Z  info: Server started at: http://localhost:3030
2024-12-25T09:59:22.020Z  info: Server started at: http://localhost:3030
2024-12-25T09:59:28.325Z  info: Server started at: http://localhost:3030
2024-12-25T09:59:33.801Z  info: Server started at: http://localhost:3030
2024-12-25T09:59:48.832Z  info: Server started at: http://localhost:3030
2024-12-25T10:01:04.567Z  info: Server started at: http://localhost:3030
2024-12-25T10:01:21.153Z  info: Server started at: http://localhost:3030
2024-12-25T10:01:31.335Z  info: Server started at: http://localhost:3030
2024-12-25T10:02:25.890Z  info: Server started at: http://localhost:3030
2024-12-25T10:48:16.958Z  info: Server started at: http://localhost:3030
2024-12-25T10:49:35.110Z  info: Server started at: http://localhost:3030
2024-12-25T11:03:13.504Z  info: Server started at: http://localhost:3030
2024-12-25T11:07:10.130Z  error: uncaughtException: log is not defined
ReferenceError: log is not defined
    at Object.<anonymous> (/home/komron/Desktop/ITinfo/app.js:32:1)
    at Module._compile (node:internal/modules/cjs/loader:1364:14)
    at Module._extensions..js (node:internal/modules/cjs/loader:1422:10)
    at Module.load (node:internal/modules/cjs/loader:1203:32)
    at Module._load (node:internal/modules/cjs/loader:1019:12)
    at Function.executeUserEntryPoint [as runMain] (node:internal/modules/run_main:128:12)
    at node:internal/main/run_main_module:28:49
2024-12-25T11:08:47.131Z  error: uncaughtException: log is not defined
ReferenceError: log is not defined
    at Object.<anonymous> (/home/komron/Desktop/ITinfo/app.js:32:1)
    at Module._compile (node:internal/modules/cjs/loader:1364:14)
    at Module._extensions..js (node:internal/modules/cjs/loader:1422:10)
    at Module.load (node:internal/modules/cjs/loader:1203:32)
    at Module._load (node:internal/modules/cjs/loader:1019:12)
    at Function.executeUserEntryPoint [as runMain] (node:internal/modules/run_main:128:12)
    at node:internal/main/run_main_module:28:49
2024-12-25T11:10:48.511Z  error: uncaughtException: log is not defined
ReferenceError: log is not defined
    at Object.<anonymous> (/home/komron/Desktop/ITinfo/app.js:32:1)
    at Module._compile (node:internal/modules/cjs/loader:1364:14)
    at Module._extensions..js (node:internal/modules/cjs/loader:1422:10)
    at Module.load (node:internal/modules/cjs/loader:1203:32)
    at Module._load (node:internal/modules/cjs/loader:1019:12)
    at Function.executeUserEntryPoint [as runMain] (node:internal/modules/run_main:128:12)
    at node:internal/main/run_main_module:28:49
2024-12-25T11:11:36.607Z  error: uncaughtException: log is not defined
ReferenceError: log is not defined
    at Object.<anonymous> (/home/komron/Desktop/ITinfo/app.js:32:1)
    at Module._compile (node:internal/modules/cjs/loader:1364:14)
    at Module._extensions..js (node:internal/modules/cjs/loader:1422:10)
    at Module.load (node:internal/modules/cjs/loader:1203:32)
    at Module._load (node:internal/modules/cjs/loader:1019:12)
    at Function.executeUserEntryPoint [as runMain] (node:internal/modules/run_main:128:12)
    at node:internal/main/run_main_module:28:49
2024-12-25T11:12:51.430Z  error: uncaughtException: log is not defined
ReferenceError: log is not defined
    at Object.<anonymous> (/home/komron/Desktop/ITinfo/app.js:32:1)
    at Module._compile (node:internal/modules/cjs/loader:1364:14)
    at Module._extensions..js (node:internal/modules/cjs/loader:1422:10)
    at Module.load (node:internal/modules/cjs/loader:1203:32)
    at Module._load (node:internal/modules/cjs/loader:1019:12)
    at Function.executeUserEntryPoint [as runMain] (node:internal/modules/run_main:128:12)
    at node:internal/main/run_main_module:28:49
2024-12-25T11:13:28.781Z  error: uncaughtException: log is not defined
ReferenceError: log is not defined
    at Object.<anonymous> (/home/komron/Desktop/ITinfo/app.js:32:1)
    at Module._compile (node:internal/modules/cjs/loader:1364:14)
    at Module._extensions..js (node:internal/modules/cjs/loader:1422:10)
    at Module.load (node:internal/modules/cjs/loader:1203:32)
    at Module._load (node:internal/modules/cjs/loader:1019:12)
    at Function.executeUserEntryPoint [as runMain] (node:internal/modules/run_main:128:12)
    at node:internal/main/run_main_module:28:49
2024-12-25T11:14:12.207Z  error: uncaughtException: log is not defined
ReferenceError: log is not defined
    at Object.<anonymous> (/home/komron/Desktop/ITinfo/app.js:32:1)
    at Module._compile (node:internal/modules/cjs/loader:1364:14)
    at Module._extensions..js (node:internal/modules/cjs/loader:1422:10)
    at Module.load (node:internal/modules/cjs/loader:1203:32)
    at Module._load (node:internal/modules/cjs/loader:1019:12)
    at Function.executeUserEntryPoint [as runMain] (node:internal/modules/run_main:128:12)
    at node:internal/main/run_main_module:28:49
2024-12-25T11:15:32.454Z  error: uncaughtException: log is not defined
ReferenceError: log is not defined
    at Object.<anonymous> (/home/komron/Desktop/ITinfo/app.js:32:1)
    at Module._compile (node:internal/modules/cjs/loader:1364:14)
    at Module._extensions..js (node:internal/modules/cjs/loader:1422:10)
    at Module.load (node:internal/modules/cjs/loader:1203:32)
    at Module._load (node:internal/modules/cjs/loader:1019:12)
    at Function.executeUserEntryPoint [as runMain] (node:internal/modules/run_main:128:12)
    at node:internal/main/run_main_module:28:49
2024-12-25T11:15:59.843Z  error: uncaughtException: log is not defined
ReferenceError: log is not defined
    at Object.<anonymous> (/home/komron/Desktop/ITinfo/app.js:32:1)
    at Module._compile (node:internal/modules/cjs/loader:1364:14)
    at Module._extensions..js (node:internal/modules/cjs/loader:1422:10)
    at Module.load (node:internal/modules/cjs/loader:1203:32)
    at Module._load (node:internal/modules/cjs/loader:1019:12)
    at Function.executeUserEntryPoint [as runMain] (node:internal/modules/run_main:128:12)
    at node:internal/main/run_main_module:28:49
2024-12-25T11:18:01.989Z  error: uncaughtException: log is not defined
ReferenceError: log is not defined
    at Object.<anonymous> (/home/komron/Desktop/ITinfo/app.js:32:1)
    at Module._compile (node:internal/modules/cjs/loader:1364:14)
    at Module._extensions..js (node:internal/modules/cjs/loader:1422:10)
    at Module.load (node:internal/modules/cjs/loader:1203:32)
    at Module._load (node:internal/modules/cjs/loader:1019:12)
    at Function.executeUserEntryPoint [as runMain] (node:internal/modules/run_main:128:12)
    at node:internal/main/run_main_module:28:49
2024-12-25T11:19:11.372Z  error: uncaughtException: log is not defined
ReferenceError: log is not defined
    at Object.<anonymous> (/home/komron/Desktop/ITinfo/app.js:32:1)
    at Module._compile (node:internal/modules/cjs/loader:1364:14)
    at Module._extensions..js (node:internal/modules/cjs/loader:1422:10)
    at Module.load (node:internal/modules/cjs/loader:1203:32)
    at Module._load (node:internal/modules/cjs/loader:1019:12)
    at Function.executeUserEntryPoint [as runMain] (node:internal/modules/run_main:128:12)
    at node:internal/main/run_main_module:28:49
2024-12-25T11:19:58.559Z  error: uncaughtException: log is not defined
ReferenceError: log is not defined
    at Object.<anonymous> (/home/komron/Desktop/ITinfo/app.js:32:1)
    at Module._compile (node:internal/modules/cjs/loader:1364:14)
    at Module._extensions..js (node:internal/modules/cjs/loader:1422:10)
    at Module.load (node:internal/modules/cjs/loader:1203:32)
    at Module._load (node:internal/modules/cjs/loader:1019:12)
    at Function.executeUserEntryPoint [as runMain] (node:internal/modules/run_main:128:12)
    at node:internal/main/run_main_module:28:49
2024-12-25T11:20:07.804Z  error: uncaughtException: log is not defined
ReferenceError: log is not defined
    at Object.<anonymous> (/home/komron/Desktop/ITinfo/app.js:34:1)
    at Module._compile (node:internal/modules/cjs/loader:1364:14)
    at Module._extensions..js (node:internal/modules/cjs/loader:1422:10)
    at Module.load (node:internal/modules/cjs/loader:1203:32)
    at Module._load (node:internal/modules/cjs/loader:1019:12)
    at Function.executeUserEntryPoint [as runMain] (node:internal/modules/run_main:128:12)
    at node:internal/main/run_main_module:28:49
2024-12-25T11:20:12.106Z  error: uncaughtException: log is not defined
ReferenceError: log is not defined
    at Object.<anonymous> (/home/komron/Desktop/ITinfo/app.js:35:1)
    at Module._compile (node:internal/modules/cjs/loader:1364:14)
    at Module._extensions..js (node:internal/modules/cjs/loader:1422:10)
    at Module.load (node:internal/modules/cjs/loader:1203:32)
    at Module._load (node:internal/modules/cjs/loader:1019:12)
    at Function.executeUserEntryPoint [as runMain] (node:internal/modules/run_main:128:12)
    at node:internal/main/run_main_module:28:49
2024-12-25T11:20:22.081Z  error: uncaughtException: log is not defined
ReferenceError: log is not defined
    at Object.<anonymous> (/home/komron/Desktop/ITinfo/app.js:35:1)
    at Module._compile (node:internal/modules/cjs/loader:1364:14)
    at Module._extensions..js (node:internal/modules/cjs/loader:1422:10)
    at Module.load (node:internal/modules/cjs/loader:1203:32)
    at Module._load (node:internal/modules/cjs/loader:1019:12)
    at Function.executeUserEntryPoint [as runMain] (node:internal/modules/run_main:128:12)
    at node:internal/main/run_main_module:28:49
2024-12-25T11:20:28.271Z  error: uncaughtException: log is not defined
ReferenceError: log is not defined
    at Object.<anonymous> (/home/komron/Desktop/ITinfo/app.js:35:1)
    at Module._compile (node:internal/modules/cjs/loader:1364:14)
    at Module._extensions..js (node:internal/modules/cjs/loader:1422:10)
    at Module.load (node:internal/modules/cjs/loader:1203:32)
    at Module._load (node:internal/modules/cjs/loader:1019:12)
    at Function.executeUserEntryPoint [as runMain] (node:internal/modules/run_main:128:12)
    at node:internal/main/run_main_module:28:49
2024-12-25T11:20:31.713Z  error: uncaughtException: log is not defined
ReferenceError: log is not defined
    at Object.<anonymous> (/home/komron/Desktop/ITinfo/app.js:35:1)
    at Module._compile (node:internal/modules/cjs/loader:1364:14)
    at Module._extensions..js (node:internal/modules/cjs/loader:1422:10)
    at Module.load (node:internal/modules/cjs/loader:1203:32)
    at Module._load (node:internal/modules/cjs/loader:1019:12)
    at Function.executeUserEntryPoint [as runMain] (node:internal/modules/run_main:128:12)
    at node:internal/main/run_main_module:28:49
2024-12-25T11:20:34.736Z  error: uncaughtException: log is not defined
ReferenceError: log is not defined
    at Object.<anonymous> (/home/komron/Desktop/ITinfo/app.js:35:1)
    at Module._compile (node:internal/modules/cjs/loader:1364:14)
    at Module._extensions..js (node:internal/modules/cjs/loader:1422:10)
    at Module.load (node:internal/modules/cjs/loader:1203:32)
    at Module._load (node:internal/modules/cjs/loader:1019:12)
    at Function.executeUserEntryPoint [as runMain] (node:internal/modules/run_main:128:12)
    at node:internal/main/run_main_module:28:49
2024-12-25T11:20:39.558Z  error: uncaughtException: log is not defined
ReferenceError: log is not defined
    at Object.<anonymous> (/home/komron/Desktop/ITinfo/app.js:35:1)
    at Module._compile (node:internal/modules/cjs/loader:1364:14)
    at Module._extensions..js (node:internal/modules/cjs/loader:1422:10)
    at Module.load (node:internal/modules/cjs/loader:1203:32)
    at Module._load (node:internal/modules/cjs/loader:1019:12)
    at Function.executeUserEntryPoint [as runMain] (node:internal/modules/run_main:128:12)
    at node:internal/main/run_main_module:28:49
2024-12-25T11:20:43.031Z  error: uncaughtException: log is not defined
ReferenceError: log is not defined
    at Object.<anonymous> (/home/komron/Desktop/ITinfo/app.js:34:1)
    at Module._compile (node:internal/modules/cjs/loader:1364:14)
    at Module._extensions..js (node:internal/modules/cjs/loader:1422:10)
    at Module.load (node:internal/modules/cjs/loader:1203:32)
    at Module._load (node:internal/modules/cjs/loader:1019:12)
    at Function.executeUserEntryPoint [as runMain] (node:internal/modules/run_main:128:12)
    at node:internal/main/run_main_module:28:49
2024-12-25T11:20:50.496Z  info: Server started at: http://localhost:3030
2024-12-25T11:20:54.384Z  info: Server started at: http://localhost:3030
2024-12-25T11:20:59.114Z  info: Server started at: http://localhost:3030
2024-12-25T11:21:02.285Z  info: Server started at: http://localhost:3030
2024-12-25T11:21:13.230Z  info: Server started at: http://localhost:3030
2024-12-25T11:21:53.033Z  info: Server started at: http://localhost:3030
2024-12-25T11:24:03.282Z  info: Server started at: http://localhost:3030
2024-12-25T11:25:51.077Z  info: Server started at: http://localhost:3030
2024-12-25T11:26:51.356Z  info: Server started at: http://localhost:3030
2024-12-25T11:46:34.687Z  info: Server started at: http://localhost:3030
2024-12-25T11:47:13.813Z  error: Author validation failed: author_nick_name: Path `author_nick_name` is required.
2024-12-25T11:47:15.876Z  error: Author validation failed: author_nick_name: Path `author_nick_name` is required.
2024-12-25T11:47:16.470Z  error: Author validation failed: author_nick_name: Path `author_nick_name` is required.
2024-12-25T11:50:25.617Z  info: Server started at: http://localhost:3030
2024-12-25T11:50:35.046Z  error: Author validation failed: author_nick_name: Path `author_nick_name` is required.
2024-12-25T11:54:18.537Z  error: Author validation failed: author_nick_name: Path `author_nick_name` is invalid (abu123!).
2024-12-25T11:59:53.692Z  error: Author validation failed: author_nick_name: Path `author_nick_name` is required.
2024-12-25T12:01:14.247Z  error: E11000 duplicate key error collection: test.authors index: author_nick_name_1 dup key: { author_nick_name: "abu123" }
2024-12-25T12:06:50.421Z  error: E11000 duplicate key error collection: test.authors index: author_nick_name_1 dup key: { author_nick_name: "abu123" }
2024-12-25T12:08:03.669Z  error: uncaughtException: Unexpected token ')'
/home/komron/Desktop/ITinfo/controllers/author.controller.js:46
  console.log(req.);
                  ^

SyntaxError: Unexpected token ')'
    at internalCompileFunction (node:internal/vm:76:18)
    at wrapSafe (node:internal/modules/cjs/loader:1283:20)
    at Module._compile (node:internal/modules/cjs/loader:1328:27)
    at Module._extensions..js (node:internal/modules/cjs/loader:1422:10)
    at Module.load (node:internal/modules/cjs/loader:1203:32)
    at Module._load (node:internal/modules/cjs/loader:1019:12)
    at Module.require (node:internal/modules/cjs/loader:1231:19)
    at require (node:internal/modules/helpers:177:18)
    at Object.<anonymous> (/home/komron/Desktop/ITinfo/routes/category.routes.js:1:28)
    at Module._compile (node:internal/modules/cjs/loader:1364:14)
2024-12-25T12:08:09.659Z  info: Server started at: http://localhost:3030
2024-12-25T12:08:15.461Z  error: E11000 duplicate key error collection: test.authors index: author_nick_name_1 dup key: { author_nick_name: "abu123" }
2024-12-25T12:32:21.880Z  error: uncaughtException: Unexpected identifier
/home/komron/Desktop/ITinfo/schemas/Author.js:17
    unique: true,
    ^^^^^^

SyntaxError: Unexpected identifier
    at internalCompileFunction (node:internal/vm:76:18)
    at wrapSafe (node:internal/modules/cjs/loader:1283:20)
    at Module._compile (node:internal/modules/cjs/loader:1328:27)
    at Module._extensions..js (node:internal/modules/cjs/loader:1422:10)
    at Module.load (node:internal/modules/cjs/loader:1203:32)
    at Module._load (node:internal/modules/cjs/loader:1019:12)
    at Module.require (node:internal/modules/cjs/loader:1231:19)
    at require (node:internal/modules/helpers:177:18)
    at Object.<anonymous> (/home/komron/Desktop/ITinfo/controllers/author.controller.js:4:16)
    at Module._compile (node:internal/modules/cjs/loader:1364:14)
2024-12-25T12:32:29.386Z  error: uncaughtException: Unexpected identifier
/home/komron/Desktop/ITinfo/schemas/Author.js:17
    unique: true,
    ^^^^^^

SyntaxError: Unexpected identifier
    at internalCompileFunction (node:internal/vm:76:18)
    at wrapSafe (node:internal/modules/cjs/loader:1283:20)
    at Module._compile (node:internal/modules/cjs/loader:1328:27)
    at Module._extensions..js (node:internal/modules/cjs/loader:1422:10)
    at Module.load (node:internal/modules/cjs/loader:1203:32)
    at Module._load (node:internal/modules/cjs/loader:1019:12)
    at Module.require (node:internal/modules/cjs/loader:1231:19)
    at require (node:internal/modules/helpers:177:18)
    at Object.<anonymous> (/home/komron/Desktop/ITinfo/controllers/author.controller.js:4:16)
    at Module._compile (node:internal/modules/cjs/loader:1364:14)
2024-12-25T12:32:41.213Z  info: Server started at: http://localhost:3030
2024-12-25T12:32:54.319Z  info: Server started at: http://localhost:3030
2024-12-25T12:32:59.566Z  info: Server started at: http://localhost:3030
2024-12-25T12:33:26.580Z  info: Server started at: http://localhost:3030
2024-12-25T12:33:36.884Z  info: Server started at: http://localhost:3030
2024-12-26T05:20:45.978Z  info: Server started at: http://localhost:3030
2024-12-26T05:44:12.094Z  info: Server started at: http://localhost:3030
2024-12-26T05:46:22.938Z  error: E11000 duplicate key error collection: test.authors index: author_nick_name_1 dup key: { author_nick_name: "tikidiki" }
2024-12-26T12:17:27.471Z  info: Server started at: http://localhost:3030
2024-12-26T12:25:19.749Z  info: Server started at: http://localhost:3030
2024-12-26T12:25:25.203Z  info: Server started at: http://localhost:3030
2024-12-26T12:25:31.165Z  info: Server started at: http://localhost:3030
2024-12-26T12:25:38.198Z  info: Server started at: http://localhost:3030
2024-12-26T12:25:45.996Z  info: Server started at: http://localhost:3030
2024-12-26T12:25:49.064Z  info: Server started at: http://localhost:3030
